\BOOKMARK [1][]{section.1}{\376\377\0001\000\040\000I\000n\000t\000r\000o\000d\000u\000c\000t\000i\000o\000n}{}% 1
\BOOKMARK [1][]{section.2}{\376\377\0002\000\040\000M\000a\000t\000h\000e\000m\000a\000t\000i\000c\000a\000l\000\040\000B\000a\000c\000k\000g\000r\000o\000u\000n\000d\000\040}{}% 2
\BOOKMARK [2][]{subsection.2.1}{\376\377\0002\000.\0001\000\040\000T\000o\000p\000o\000l\000o\000g\000i\000c\000a\000l\000\040\000d\000a\000t\000a\000\040\000a\000n\000a\000l\000y\000s\000i\000s\000\040\000a\000n\000d\000\040\000p\000e\000r\000s\000i\000s\000t\000e\000n\000t\000\040\000h\000o\000m\000o\000l\000o\000g\000y\000\040}{section.2}% 3
\BOOKMARK [3][]{subsubsection.2.1.1}{\376\377\0002\000.\0001\000.\0001\000\040\000S\000i\000m\000p\000l\000i\000c\000i\000a\000l\000\040\000c\000o\000m\000p\000l\000e\000x\000\040}{subsection.2.1}% 4
\BOOKMARK [3][]{subsubsection.2.1.2}{\376\377\0002\000.\0001\000.\0002\000\040\000P\000e\000r\000s\000i\000s\000t\000e\000n\000t\000\040\000h\000o\000m\000o\000l\000o\000g\000y\000\040}{subsection.2.1}% 5
\BOOKMARK [2][]{subsection.2.2}{\376\377\0002\000.\0002\000\040\000E\000x\000t\000r\000e\000m\000e\000\040\000v\000a\000l\000u\000e\000\040\000t\000h\000e\000o\000r\000y\000\040}{section.2}% 6
\BOOKMARK [3][]{subsubsection.2.2.1}{\376\377\0002\000.\0002\000.\0001\000\040\000B\000l\000o\000c\000k\000\040\000m\000a\000x\000i\000m\000a\000\040\000a\000p\000p\000r\000o\000a\000c\000h}{subsection.2.2}% 7
\BOOKMARK [3][]{subsubsection.2.2.2}{\376\377\0002\000.\0002\000.\0002\000\040\000T\000h\000e\000\040\000G\000e\000n\000e\000r\000a\000l\000i\000z\000e\000d\000\040\000P\000a\000r\000e\000t\000o\000\040\000D\000i\000s\000t\000r\000i\000b\000u\000t\000i\000o\000n\000\040\000a\000n\000d\000\040\000t\000h\000e\000\040\000P\000O\000T\000\040\000a\000p\000p\000r\000o\000a\000c\000h}{subsection.2.2}% 8
\BOOKMARK [2][]{subsection.2.3}{\376\377\0002\000.\0003\000\040\000K\000e\000r\000n\000e\000l\000\040\000d\000e\000n\000s\000i\000t\000y\000\040\000e\000s\000t\000i\000m\000a\000t\000i\000o\000n\000\040}{section.2}% 9
\BOOKMARK [1][]{section.3}{\376\377\0003\000\040\000M\000e\000t\000h\000o\000d\000o\000l\000o\000g\000y\000\040}{}% 10
\BOOKMARK [2][]{subsection.3.1}{\376\377\0003\000.\0001\000\040\000B\000a\000n\000d\000w\000i\000d\000t\000h\000\040\000s\000e\000l\000e\000c\000t\000i\000o\000n\000\040\000u\000s\000i\000n\000g\000\040\000T\000D\000A\000\040}{section.3}% 11
\BOOKMARK [2][]{subsection.3.2}{\376\377\0003\000.\0002\000\040\000A\000l\000g\000o\000r\000i\000t\000h\000m\000\040\000l\000o\000o\000k\000o\000u\000t}{section.3}% 12
\BOOKMARK [2][]{subsection.3.3}{\376\377\0003\000.\0003\000\040\000O\000u\000t\000l\000i\000e\000r\000\040\000p\000e\000r\000s\000i\000s\000t\000e\000n\000c\000e\000\040}{section.3}% 13
\BOOKMARK [1][]{section.4}{\376\377\0004\000\040\000E\000x\000p\000e\000r\000i\000m\000e\000n\000t\000s\000\040\000w\000i\000t\000h\000\040\000s\000y\000n\000t\000h\000e\000t\000i\000c\000\040\000d\000a\000t\000a\000\040}{}% 14
\BOOKMARK [2][]{subsection.4.1}{\376\377\0004\000.\0001\000\040\000O\000u\000t\000l\000i\000e\000r\000\040\000p\000e\000r\000s\000i\000s\000t\000e\000n\000c\000e\000\040\000e\000x\000a\000m\000p\000l\000e\000s\000\040}{section.4}% 15
\BOOKMARK [2][]{subsection.4.2}{\376\377\0004\000.\0002\000\040\000C\000o\000m\000p\000a\000r\000i\000s\000o\000n\000\040\000S\000t\000u\000d\000y\000\040}{section.4}% 16
\BOOKMARK [3][]{subsubsection.4.2.1}{\376\377\0004\000.\0002\000.\0001\000\040\000E\000x\000p\000e\000r\000i\000m\000e\000n\000t\000\040\0001\000\040}{subsection.4.2}% 17
\BOOKMARK [3][]{subsubsection.4.2.2}{\376\377\0004\000.\0002\000.\0002\000\040\000E\000x\000p\000e\000r\000i\000m\000e\000n\000t\000\040\0002\000\040}{subsection.4.2}% 18
\BOOKMARK [3][]{subsubsection.4.2.3}{\376\377\0004\000.\0002\000.\0003\000\040\000E\000x\000p\000e\000r\000i\000m\000e\000n\000t\000\040\0003\000\040}{subsection.4.2}% 19
\BOOKMARK [1][]{section.5}{\376\377\0005\000\040\000R\000e\000s\000u\000l\000t\000s\000\040\000o\000n\000\040\000a\000\040\000d\000a\000t\000a\000\040\000r\000e\000p\000o\000s\000i\000t\000o\000r\000y\000\040}{}% 20
\BOOKMARK [1][]{section.6}{\376\377\0006\000\040\000C\000o\000n\000c\000l\000u\000s\000i\000o\000n\000s\000\040}{}% 21
\BOOKMARK [1][]{section.7}{\376\377\0007\000\040\000S\000u\000p\000p\000l\000e\000m\000e\000n\000t\000a\000r\000y\000\040\000M\000a\000t\000e\000r\000i\000a\000l\000s\000\040}{}% 22
